<?xml version="1.0" encoding="UTF-8"?>
<!-- Generated by org.testng.reporters.JUnitReportReporter -->
<testsuite hostname="DESKTOP-LVK5H3S" failures="0" tests="1" name="tests.LoginTest" time="42.099" errors="0" timestamp="2025-05-28T12:24:06 IST" skipped="0">
  <testcase classname="tests.LoginTest" name="testLogin" time="42.099"/>
</testsuite> <!-- tests.LoginTest -->
